<?xml version="1.0" encoding="UTF-8"?>
<!-- Generated by org.testng.reporters.JUnitReportReporter -->
<testsuite hostname="SAIVARMA" failures="0" tests="1" name="TestCaseDemo.Test3" time="8.415" errors="0" timestamp="2025-03-13T11:09:09 IST" skipped="0">
  <testcase classname="TestCaseDemo.Test3" name="TestMenu" time="8.415"/>
  <system-out>
    <![CDATA[Screenshot taken by name title]]>
  </system-out>
</testsuite> <!-- TestCaseDemo.Test3 -->
