<?xml version="1.0" encoding="UTF-8"?>
<!-- Generated by org.testng.reporters.JUnitReportReporter -->
<testsuite hostname="SAIVARMA" failures="0" tests="1" name="TestCaseDemo.Test1" time="5.023" errors="0" timestamp="2025-03-13T11:09:09 IST" skipped="0">
  <testcase classname="TestCaseDemo.Test1" name="TestTitle" time="5.023">
    <system-out>
      <![CDATA[Screenshot taken by name title]]>
    </system-out>
  </testcase> <!-- TestTitle -->
  <system-out>
    <![CDATA[Screenshot taken by name title]]>
  </system-out>
</testsuite> <!-- TestCaseDemo.Test1 -->
